2016-04-24 15:07:50,953 INFO  [org.jboss.modules] (main) JBoss Modules version 1.4.3.Final
2016-04-24 15:07:51,204 INFO  [org.jboss.msc] (main) JBoss MSC version 1.2.6.Final
2016-04-24 15:07:51,298 INFO  [org.jboss.as] (MSC service thread 1-5) WFLYSRV0049: WildFly Full 9.0.2.Final (WildFly Core 1.0.2.Final) starting
2016-04-24 15:07:51,300 DEBUG [org.jboss.as.config] (MSC service thread 1-5) Configured system properties:
	awt.toolkit = sun.awt.X11.XToolkit
	file.encoding = UTF-8
	file.encoding.pkg = sun.io
	file.separator = /
	java.awt.graphicsenv = sun.awt.X11GraphicsEnvironment
	java.awt.headless = true
	java.awt.printerjob = sun.print.PSPrinterJob
	java.class.path = /home/nina/Desktop/AT/test/at/wildfly-9.0.2.Final/jboss-modules.jar
	java.class.version = 52.0
	java.endorsed.dirs = /usr/lib/jvm/java-8-oracle/jre/lib/endorsed
	java.ext.dirs = /usr/lib/jvm/java-8-oracle/jre/lib/ext:/usr/java/packages/lib/ext
	java.home = /usr/lib/jvm/java-8-oracle/jre
	java.io.tmpdir = /tmp
	java.library.path = /usr/java/packages/lib/amd64:/usr/lib64:/lib64:/lib:/usr/lib
	java.net.preferIPv4Stack = true
	java.runtime.name = Java(TM) SE Runtime Environment
	java.runtime.version = 1.8.0_77-b03
	java.specification.name = Java Platform API Specification
	java.specification.vendor = Oracle Corporation
	java.specification.version = 1.8
	java.util.logging.manager = org.jboss.logmanager.LogManager
	java.vendor = Oracle Corporation
	java.vendor.url = http://java.oracle.com/
	java.vendor.url.bug = http://bugreport.sun.com/bugreport/
	java.version = 1.8.0_77
	java.vm.info = mixed mode
	java.vm.name = Java HotSpot(TM) 64-Bit Server VM
	java.vm.specification.name = Java Virtual Machine Specification
	java.vm.specification.vendor = Oracle Corporation
	java.vm.specification.version = 1.8
	java.vm.vendor = Oracle Corporation
	java.vm.version = 25.77-b03
	javax.management.builder.initial = org.jboss.as.jmx.PluggableMBeanServerBuilder
	javax.xml.datatype.DatatypeFactory = __redirected.__DatatypeFactory
	javax.xml.parsers.DocumentBuilderFactory = __redirected.__DocumentBuilderFactory
	javax.xml.parsers.SAXParserFactory = __redirected.__SAXParserFactory
	javax.xml.stream.XMLEventFactory = __redirected.__XMLEventFactory
	javax.xml.stream.XMLInputFactory = __redirected.__XMLInputFactory
	javax.xml.stream.XMLOutputFactory = __redirected.__XMLOutputFactory
	javax.xml.transform.TransformerFactory = __redirected.__TransformerFactory
	javax.xml.validation.SchemaFactory:http://www.w3.org/2001/XMLSchema = __redirected.__SchemaFactory
	javax.xml.xpath.XPathFactory:http://java.sun.com/jaxp/xpath/dom = __redirected.__XPathFactory
	jboss.bind.address = localhost
	jboss.bind.address.management = localhost
	jboss.home.dir = /home/nina/Desktop/AT/test/at/wildfly-9.0.2.Final
	jboss.host.name = nmarjanovic
	jboss.modules.dir = /home/nina/Desktop/AT/test/at/wildfly-9.0.2.Final/modules
	jboss.modules.system.pkgs = org.jboss.byteman
	jboss.node.name = nmarjanovic
	jboss.qualified.host.name = nmarjanovic
	jboss.server.base.dir = /home/nina/Desktop/AT/test/at/wildfly-9.0.2.Final/standalone
	jboss.server.config.dir = /home/nina/Desktop/AT/test/at/wildfly-9.0.2.Final/standalone/configuration
	jboss.server.data.dir = /home/nina/Desktop/AT/test/at/wildfly-9.0.2.Final/standalone/data
	jboss.server.deploy.dir = /home/nina/Desktop/AT/test/at/wildfly-9.0.2.Final/standalone/data/content
	jboss.server.log.dir = /home/nina/Desktop/AT/test/at/wildfly-9.0.2.Final/standalone/log
	jboss.server.name = nmarjanovic
	jboss.server.persist.config = true
	jboss.server.temp.dir = /home/nina/Desktop/AT/test/at/wildfly-9.0.2.Final/standalone/tmp
	line.separator = 

	logging.configuration = file:/home/nina/Desktop/AT/test/at/wildfly-9.0.2.Final/standalone/configuration/logging.properties
	module.path = /home/nina/Desktop/AT/test/at/wildfly-9.0.2.Final/modules
	org.jboss.boot.log.file = /home/nina/Desktop/AT/test/at/wildfly-9.0.2.Final/standalone/log/boot.log
	org.jboss.logmanager.nocolor = true
	org.jboss.resolver.warning = true
	org.xml.sax.driver = __redirected.__XMLReaderFactory
	os.arch = amd64
	os.name = Linux
	os.version = 3.19.0-25-generic
	path.separator = :
	program.name = JBossTools: WildFly  9.x 
	sun.arch.data.model = 64
	sun.boot.class.path = /usr/lib/jvm/java-8-oracle/jre/lib/resources.jar:/usr/lib/jvm/java-8-oracle/jre/lib/rt.jar:/usr/lib/jvm/java-8-oracle/jre/lib/sunrsasign.jar:/usr/lib/jvm/java-8-oracle/jre/lib/jsse.jar:/usr/lib/jvm/java-8-oracle/jre/lib/jce.jar:/usr/lib/jvm/java-8-oracle/jre/lib/charsets.jar:/usr/lib/jvm/java-8-oracle/jre/lib/jfr.jar:/usr/lib/jvm/java-8-oracle/jre/classes
	sun.boot.library.path = /usr/lib/jvm/java-8-oracle/jre/lib/amd64
	sun.cpu.endian = little
	sun.cpu.isalist = 
	sun.io.unicode.encoding = UnicodeLittle
	sun.java.command = org.jboss.modules.Main -mp /home/nina/Desktop/AT/test/at/wildfly-9.0.2.Final/modules -jaxpmodule javax.xml.jaxp-provider -jaxpmodule javax.xml.jaxp-provider org.jboss.as.standalone -b localhost --server-config=standalone.xml -Djboss.server.base.dir=/home/nina/Desktop/AT/test/at/wildfly-9.0.2.Final/standalone
	sun.java.launcher = SUN_STANDARD
	sun.jnu.encoding = UTF-8
	sun.management.compiler = HotSpot 64-Bit Tiered Compilers
	sun.os.patch.level = unknown
	sun.rmi.dgc.client.gcInterval = 3600000
	sun.rmi.dgc.server.gcInterval = 3600000
	user.country = US
	user.dir = /home/nina/Desktop/AT/test/at/wildfly-9.0.2.Final/bin
	user.home = /home/nina
	user.language = en
	user.name = nina
	user.timezone = Europe/Belgrade
2016-04-24 15:07:51,301 DEBUG [org.jboss.as.config] (MSC service thread 1-5) VM Arguments: -Dprogram.name=JBossTools: WildFly  9.x  -Xms64m -Xmx512m -XX:MaxPermSize=256m -Dorg.jboss.resolver.warning=true -Djava.net.preferIPv4Stack=true -Dsun.rmi.dgc.client.gcInterval=3600000 -Dsun.rmi.dgc.server.gcInterval=3600000 -Djboss.modules.system.pkgs=org.jboss.byteman -Djava.awt.headless=true -Dorg.jboss.boot.log.file=/home/nina/Desktop/AT/test/at/wildfly-9.0.2.Final/standalone/log/boot.log -Dlogging.configuration=file:/home/nina/Desktop/AT/test/at/wildfly-9.0.2.Final/standalone/configuration/logging.properties -Djboss.home.dir=/home/nina/Desktop/AT/test/at/wildfly-9.0.2.Final -Dorg.jboss.logmanager.nocolor=true -Djboss.bind.address.management=localhost -Dfile.encoding=UTF-8 
2016-04-24 15:07:52,757 INFO  [org.jboss.as.controller.management-deprecated] (ServerService Thread Pool -- 4) WFLYCTL0028: Attribute 'job-repository-type' in the resource at address '/subsystem=batch' is deprecated, and may be removed in future version. See the attribute description in the output of the read-resource-description operation to learn more about the deprecation.
2016-04-24 15:07:52,769 INFO  [org.jboss.as.controller.management-deprecated] (ServerService Thread Pool -- 12) WFLYCTL0028: Attribute 'enabled' in the resource at address '/subsystem=datasources/data-source=ExampleDS' is deprecated, and may be removed in future version. See the attribute description in the output of the read-resource-description operation to learn more about the deprecation.
2016-04-24 15:07:52,862 INFO  [org.jboss.as.server.deployment.scanner] (DeploymentScanner-threads - 1) WFLYDS0004: Found ChatApp.ear in deployment directory. To trigger deployment create a file called ChatApp.ear.dodeploy
2016-04-24 15:07:52,940 INFO  [org.jboss.as.server] (Controller Boot Thread) WFLYSRV0039: Creating http management service using socket-binding (management-http)
2016-04-24 15:07:52,979 INFO  [org.xnio] (MSC service thread 1-2) XNIO version 3.3.1.Final
2016-04-24 15:07:53,001 INFO  [org.xnio.nio] (MSC service thread 1-2) XNIO NIO Implementation Version 3.3.1.Final
